2023-03-18 13:13:08.213 [info] Extension host with pid 6744 started
2023-03-18 13:13:08.259 [info] ExtensionService#_doActivateExtension LuqueDaniel.languague-renpy, startup: false, activationEvent: 'onLanguage:renpy'
2023-03-18 13:13:08.259 [info] ExtensionService#_doActivateExtension vscode.microsoft-authentication, startup: false, activationEvent: 'onAuthenticationRequest:microsoft'
2023-03-18 13:13:08.259 [info] ExtensionService#_doActivateExtension vscode.git-base, startup: true, activationEvent: '*', root cause: vscode.git
2023-03-18 13:13:08.387 [error] Error: Unable to write to Workspace Settings because no workspace is opened. Please open a workspace first and try again.
    at w.y (vscode-file://vscode-app/c:/Users/kryce/OneDrive/Documents/Ren'Py/renpy-8.0.3-sdk/vscode/VSCode-win32-x64/resources/app/out/vs/workbench/workbench.desktop.main.js:2434:6124)
    at w.E (vscode-file://vscode-app/c:/Users/kryce/OneDrive/Documents/Ren'Py/renpy-8.0.3-sdk/vscode/VSCode-win32-x64/resources/app/out/vs/workbench/workbench.desktop.main.js:2434:9041)
    at w.n (vscode-file://vscode-app/c:/Users/kryce/OneDrive/Documents/Ren'Py/renpy-8.0.3-sdk/vscode/VSCode-win32-x64/resources/app/out/vs/workbench/workbench.desktop.main.js:2434:3153)
    at Object.factory (vscode-file://vscode-app/c:/Users/kryce/OneDrive/Documents/Ren'Py/renpy-8.0.3-sdk/vscode/VSCode-win32-x64/resources/app/out/vs/workbench/workbench.desktop.main.js:2434:3053)
    at T.h (vscode-file://vscode-app/c:/Users/kryce/OneDrive/Documents/Ren'Py/renpy-8.0.3-sdk/vscode/VSCode-win32-x64/resources/app/out/vs/workbench/workbench.desktop.main.js:89:15928)
    at vscode-file://vscode-app/c:/Users/kryce/OneDrive/Documents/Ren'Py/renpy-8.0.3-sdk/vscode/VSCode-win32-x64/resources/app/out/vs/workbench/workbench.desktop.main.js:89:15840
    at new Promise (<anonymous>)
    at T.queue (vscode-file://vscode-app/c:/Users/kryce/OneDrive/Documents/Ren'Py/renpy-8.0.3-sdk/vscode/VSCode-win32-x64/resources/app/out/vs/workbench/workbench.desktop.main.js:89:15782)
    at w.writeConfiguration (vscode-file://vscode-app/c:/Users/kryce/OneDrive/Documents/Ren'Py/renpy-8.0.3-sdk/vscode/VSCode-win32-x64/resources/app/out/vs/workbench/workbench.desktop.main.js:2434:3022)
    at B.Hb (vscode-file://vscode-app/c:/Users/kryce/OneDrive/Documents/Ren'Py/renpy-8.0.3-sdk/vscode/VSCode-win32-x64/resources/app/out/vs/workbench/workbench.desktop.main.js:2434:28762)
    at process.processTicksAndRejections (node:internal/process/task_queues:96:5)
    at async Promise.all (index 0)
    at async Object.K [as settled] (vscode-file://vscode-app/c:/Users/kryce/OneDrive/Documents/Ren'Py/renpy-8.0.3-sdk/vscode/VSCode-win32-x64/resources/app/out/vs/workbench/workbench.desktop.main.js:89:21307)
    at async B.updateValue (vscode-file://vscode-app/c:/Users/kryce/OneDrive/Documents/Ren'Py/renpy-8.0.3-sdk/vscode/VSCode-win32-x64/resources/app/out/vs/workbench/workbench.desktop.main.js:2434:17200)
2023-03-18 13:13:08.388 [info] ExtensionService#_doActivateExtension vscode.git, startup: true, activationEvent: '*'
2023-03-18 13:13:08.388 [info] ExtensionService#_doActivateExtension vscode.github, startup: true, activationEvent: '*'
2023-03-18 13:13:08.427 [info] ExtensionService#_doActivateExtension vscode.github-authentication, startup: false, activationEvent: 'onAuthenticationRequest:github'
2023-03-18 13:13:08.443 [info] Eager extensions activated
2023-03-18 13:13:08.447 [info] ExtensionService#_doActivateExtension vscode.debug-auto-launch, startup: false, activationEvent: 'onStartupFinished'
2023-03-18 13:13:08.447 [info] ExtensionService#_doActivateExtension vscode.emmet, startup: false, activationEvent: 'onStartupFinished'
2023-03-18 13:13:08.447 [info] ExtensionService#_doActivateExtension vscode.merge-conflict, startup: false, activationEvent: 'onStartupFinished'
2023-03-18 13:13:08.447 [info] ExtensionService#_doActivateExtension ms-vscode-remote.remote-wsl-recommender, startup: false, activationEvent: 'onStartupFinished'
2023-03-18 13:13:26.584 [info] Extension host terminating: received terminate message from renderer
2023-03-18 13:13:26.587 [info] Extension host with pid 6744 exiting with code 0
