2023-04-16 18:31:44.672 [info] Initial editor state {"filesToOpenOrCreate":[{"fileUri":{"$mid":1,"path":"/D:/Git/Capstone/GDD4900_Capstone/game/script.rpy","scheme":"file"},"type":1,"exists":true,"options":{}}],"filesToDiff":[],"filesToMerge":[]}
2023-04-16 18:31:45.510 [error] Unable to write to Workspace Settings because no workspace is opened. Please open a workspace first and try again.: Error: Unable to write to Workspace Settings because no workspace is opened. Please open a workspace first and try again.
    at w.y (vscode-file://vscode-app/d:/Git/Capstone/vscode/VSCode-win32-x64/resources/app/out/vs/workbench/workbench.desktop.main.js:2434:6124)
    at w.E (vscode-file://vscode-app/d:/Git/Capstone/vscode/VSCode-win32-x64/resources/app/out/vs/workbench/workbench.desktop.main.js:2434:9041)
    at w.n (vscode-file://vscode-app/d:/Git/Capstone/vscode/VSCode-win32-x64/resources/app/out/vs/workbench/workbench.desktop.main.js:2434:3153)
    at Object.factory (vscode-file://vscode-app/d:/Git/Capstone/vscode/VSCode-win32-x64/resources/app/out/vs/workbench/workbench.desktop.main.js:2434:3053)
    at T.h (vscode-file://vscode-app/d:/Git/Capstone/vscode/VSCode-win32-x64/resources/app/out/vs/workbench/workbench.desktop.main.js:89:15928)
    at vscode-file://vscode-app/d:/Git/Capstone/vscode/VSCode-win32-x64/resources/app/out/vs/workbench/workbench.desktop.main.js:89:15840
    at new Promise (<anonymous>)
    at T.queue (vscode-file://vscode-app/d:/Git/Capstone/vscode/VSCode-win32-x64/resources/app/out/vs/workbench/workbench.desktop.main.js:89:15782)
    at w.writeConfiguration (vscode-file://vscode-app/d:/Git/Capstone/vscode/VSCode-win32-x64/resources/app/out/vs/workbench/workbench.desktop.main.js:2434:3022)
    at B.Hb (vscode-file://vscode-app/d:/Git/Capstone/vscode/VSCode-win32-x64/resources/app/out/vs/workbench/workbench.desktop.main.js:2434:28762)
    at process.processTicksAndRejections (node:internal/process/task_queues:96:5)
    at async Promise.all (index 0)
    at async Object.K [as settled] (vscode-file://vscode-app/d:/Git/Capstone/vscode/VSCode-win32-x64/resources/app/out/vs/workbench/workbench.desktop.main.js:89:21307)
    at async B.updateValue (vscode-file://vscode-app/d:/Git/Capstone/vscode/VSCode-win32-x64/resources/app/out/vs/workbench/workbench.desktop.main.js:2434:17200)
2023-04-16 18:31:47.646 [info] [perf] Render performance baseline is 17ms
2023-04-16 18:34:42.061 [error] Unable to read file '\:\Git\Capstone\GDD4900_Capstone\game\script.rpy' (Error: Unable to resolve nonexistent file '\:\Git\Capstone\GDD4900_Capstone\game\script.rpy'): Error: Unable to read file '\:\Git\Capstone\GDD4900_Capstone\game\script.rpy' (Error: Unable to resolve nonexistent file '\:\Git\Capstone\GDD4900_Capstone\game\script.rpy')
    at h.v (vscode-file://vscode-app/d:/Git/Capstone/vscode/VSCode-win32-x64/resources/app/out/vs/workbench/workbench.desktop.main.js:616:16546)
    at async v.H (vscode-file://vscode-app/d:/Git/Capstone/vscode/VSCode-win32-x64/resources/app/out/vs/workbench/workbench.desktop.main.js:2489:34436)
    at async v.readStream (vscode-file://vscode-app/d:/Git/Capstone/vscode/VSCode-win32-x64/resources/app/out/vs/workbench/workbench.desktop.main.js:2489:34131)
    at async Ms.Ab (vscode-file://vscode-app/d:/Git/Capstone/vscode/VSCode-win32-x64/resources/app/out/vs/workbench/workbench.desktop.main.js:2478:54188)
    at async o.P (vscode-file://vscode-app/d:/Git/Capstone/vscode/VSCode-win32-x64/resources/app/out/vs/workbench/workbench.desktop.main.js:2489:30502)
    at async d.m (vscode-file://vscode-app/d:/Git/Capstone/vscode/VSCode-win32-x64/resources/app/out/vs/workbench/workbench.desktop.main.js:2478:62756)
    at async r.acquire (vscode-file://vscode-app/d:/Git/Capstone/vscode/VSCode-win32-x64/resources/app/out/vs/workbench/workbench.desktop.main.js:19:32028)
    at async f.createModelReference (vscode-file://vscode-app/d:/Git/Capstone/vscode/VSCode-win32-x64/resources/app/out/vs/workbench/workbench.desktop.main.js:2478:64482)
2023-04-16 18:35:16.740 [error] Unable to read file '\:\Git\Capstone\GDD4900_Capstone\game\script.rpy' (Error: Unable to resolve nonexistent file '\:\Git\Capstone\GDD4900_Capstone\game\script.rpy'): Error: Unable to read file '\:\Git\Capstone\GDD4900_Capstone\game\script.rpy' (Error: Unable to resolve nonexistent file '\:\Git\Capstone\GDD4900_Capstone\game\script.rpy')
    at h.v (vscode-file://vscode-app/d:/Git/Capstone/vscode/VSCode-win32-x64/resources/app/out/vs/workbench/workbench.desktop.main.js:616:16546)
    at async v.H (vscode-file://vscode-app/d:/Git/Capstone/vscode/VSCode-win32-x64/resources/app/out/vs/workbench/workbench.desktop.main.js:2489:34436)
    at async v.readStream (vscode-file://vscode-app/d:/Git/Capstone/vscode/VSCode-win32-x64/resources/app/out/vs/workbench/workbench.desktop.main.js:2489:34131)
    at async Ms.Ab (vscode-file://vscode-app/d:/Git/Capstone/vscode/VSCode-win32-x64/resources/app/out/vs/workbench/workbench.desktop.main.js:2478:54188)
    at async o.P (vscode-file://vscode-app/d:/Git/Capstone/vscode/VSCode-win32-x64/resources/app/out/vs/workbench/workbench.desktop.main.js:2489:30502)
    at async d.m (vscode-file://vscode-app/d:/Git/Capstone/vscode/VSCode-win32-x64/resources/app/out/vs/workbench/workbench.desktop.main.js:2478:62756)
    at async r.acquire (vscode-file://vscode-app/d:/Git/Capstone/vscode/VSCode-win32-x64/resources/app/out/vs/workbench/workbench.desktop.main.js:19:32028)
    at async f.createModelReference (vscode-file://vscode-app/d:/Git/Capstone/vscode/VSCode-win32-x64/resources/app/out/vs/workbench/workbench.desktop.main.js:2478:64482)
2023-04-16 18:35:52.881 [error] Unable to read file '\:\Git\Capstone\GDD4900_Capstone\game\script.rpy' (Error: Unable to resolve nonexistent file '\:\Git\Capstone\GDD4900_Capstone\game\script.rpy'): Error: Unable to read file '\:\Git\Capstone\GDD4900_Capstone\game\script.rpy' (Error: Unable to resolve nonexistent file '\:\Git\Capstone\GDD4900_Capstone\game\script.rpy')
    at h.v (vscode-file://vscode-app/d:/Git/Capstone/vscode/VSCode-win32-x64/resources/app/out/vs/workbench/workbench.desktop.main.js:616:16546)
    at async v.H (vscode-file://vscode-app/d:/Git/Capstone/vscode/VSCode-win32-x64/resources/app/out/vs/workbench/workbench.desktop.main.js:2489:34436)
    at async v.readStream (vscode-file://vscode-app/d:/Git/Capstone/vscode/VSCode-win32-x64/resources/app/out/vs/workbench/workbench.desktop.main.js:2489:34131)
    at async Ms.Ab (vscode-file://vscode-app/d:/Git/Capstone/vscode/VSCode-win32-x64/resources/app/out/vs/workbench/workbench.desktop.main.js:2478:54188)
    at async o.P (vscode-file://vscode-app/d:/Git/Capstone/vscode/VSCode-win32-x64/resources/app/out/vs/workbench/workbench.desktop.main.js:2489:30502)
    at async d.m (vscode-file://vscode-app/d:/Git/Capstone/vscode/VSCode-win32-x64/resources/app/out/vs/workbench/workbench.desktop.main.js:2478:62756)
    at async r.acquire (vscode-file://vscode-app/d:/Git/Capstone/vscode/VSCode-win32-x64/resources/app/out/vs/workbench/workbench.desktop.main.js:19:32028)
    at async f.createModelReference (vscode-file://vscode-app/d:/Git/Capstone/vscode/VSCode-win32-x64/resources/app/out/vs/workbench/workbench.desktop.main.js:2478:64482)
